Library/Bee/Android/Prj/Mono2x/Gradle/launcher/build/intermediates/manifest_merge_blame_file/release/manifest-merger-blame-release-report.txt
1<?xml version="1.0" encoding="utf-8"?>
2<manifest xmlns:android="http://schemas.android.com/apk/res/android"
3    package="com.DefaultCompany.PlaneProject"
4    android:installLocation="preferExternal"
5    android:versionCode="1"
6    android:versionName="0.1" >
7
8    <uses-sdk
9        android:minSdkVersion="23"
9-->src\main\AndroidManifest.xml
10        android:targetSdkVersion="30" />
10-->src\main\AndroidManifest.xml
11
12    <supports-screens
12-->src\main\AndroidManifest.xml:3:3-163
13        android:anyDensity="true"
13-->src\main\AndroidManifest.xml:3:135-160
14        android:largeScreens="true"
14-->src\main\AndroidManifest.xml:3:78-105
15        android:normalScreens="true"
15-->src\main\AndroidManifest.xml:3:49-77
16        android:smallScreens="true"
16-->src\main\AndroidManifest.xml:3:21-48
17        android:xlargeScreens="true" />
17-->src\main\AndroidManifest.xml:3:106-134
18
19    <uses-feature android:glEsVersion="0x00030000" />
19-->[:unityLibrary] AndroidManifest.xml:12:5-54
19-->[:unityLibrary] AndroidManifest.xml:12:19-51
20    <uses-feature
20-->[:unityLibrary] AndroidManifest.xml:13:5-15:36
21        android:name="android.hardware.vulkan.version"
21-->[:unityLibrary] AndroidManifest.xml:14:9-55
22        android:required="false" />
22-->[:unityLibrary] AndroidManifest.xml:15:9-33
23
24    <uses-permission android:name="android.permission.CAMERA" />
24-->[:unityLibrary] AndroidManifest.xml:17:5-65
24-->[:unityLibrary] AndroidManifest.xml:17:22-62
25
26    <uses-feature
26-->[:unityLibrary] AndroidManifest.xml:19:5-21:36
27        android:name="android.hardware.camera"
27-->[:unityLibrary] AndroidManifest.xml:20:9-47
28        android:required="true" />
28-->[:unityLibrary] AndroidManifest.xml:21:9-33
29    <uses-feature
29-->[:unityLibrary] AndroidManifest.xml:22:5-24:36
30        android:name="android.hardware.camera.autofocus"
30-->[:unityLibrary] AndroidManifest.xml:23:9-57
31        android:required="false" />
31-->[:unityLibrary] AndroidManifest.xml:24:9-33
32    <uses-feature
32-->[:unityLibrary] AndroidManifest.xml:25:5-27:36
33        android:name="android.hardware.camera.front"
33-->[:unityLibrary] AndroidManifest.xml:26:9-53
34        android:required="false" />
34-->[:unityLibrary] AndroidManifest.xml:27:9-33
35    <uses-feature
35-->[:unityLibrary] AndroidManifest.xml:28:5-30:36
36        android:name="android.hardware.touchscreen"
36-->[:unityLibrary] AndroidManifest.xml:29:9-52
37        android:required="false" />
37-->[:unityLibrary] AndroidManifest.xml:30:9-33
38    <uses-feature
38-->[:unityLibrary] AndroidManifest.xml:31:5-33:36
39        android:name="android.hardware.touchscreen.multitouch"
39-->[:unityLibrary] AndroidManifest.xml:32:9-63
40        android:required="false" />
40-->[:unityLibrary] AndroidManifest.xml:33:9-33
41    <uses-feature
41-->[:unityLibrary] AndroidManifest.xml:34:5-36:36
42        android:name="android.hardware.touchscreen.multitouch.distinct"
42-->[:unityLibrary] AndroidManifest.xml:35:9-72
43        android:required="false" />
43-->[:unityLibrary] AndroidManifest.xml:36:9-33
44
45    <queries>
45-->[com.google.ar:core:1.22.0] AndroidManifest.xml:29:5-31:15
46        <package android:name="com.google.ar.core" />
46-->[com.google.ar:core:1.22.0] AndroidManifest.xml:30:9-54
46-->[com.google.ar:core:1.22.0] AndroidManifest.xml:30:18-51
47    </queries>
48    <!--
49        Required by Vuforia: Add this permission to access IMU sensors at high rate
50        for device tracker functionality on Android 12+.
51    -->
52    <uses-permission android:name="android.permission.HIGH_SAMPLING_RATE_SENSORS" /> <!-- Required by Vuforia: Add this permission to allow checking of network. -->
52-->[:VuforiaEngine:] AndroidManifest.xml:16:5-85
52-->[:VuforiaEngine:] AndroidManifest.xml:16:22-82
53    <uses-permission android:name="android.permission.ACCESS_NETWORK_STATE" /> <!-- Required by Vuforia: Add this permission to allow opening network sockets. -->
53-->[:VuforiaEngine:] AndroidManifest.xml:19:5-79
53-->[:VuforiaEngine:] AndroidManifest.xml:19:22-76
54    <uses-permission android:name="android.permission.INTERNET" />
54-->[:VuforiaEngine:] AndroidManifest.xml:22:5-67
54-->[:VuforiaEngine:] AndroidManifest.xml:22:22-64
55
56    <application
56-->src\main\AndroidManifest.xml:4:3-83
57        android:extractNativeLibs="true"
57-->[:unityLibrary] AndroidManifest.xml:38:18-50
58        android:icon="@mipmap/app_icon"
58-->src\main\AndroidManifest.xml:4:49-80
59        android:label="@string/app_name" >
59-->src\main\AndroidManifest.xml:4:16-48
60        <activity
60-->[:unityLibrary] AndroidManifest.xml:39:9-59:20
61            android:name="com.unity3d.player.UnityPlayerActivity"
61-->[:unityLibrary] AndroidManifest.xml:40:13-66
62            android:configChanges="mcc|mnc|locale|touchscreen|keyboard|keyboardHidden|navigation|orientation|screenLayout|uiMode|screenSize|smallestScreenSize|fontScale|layoutDirection|density"
62-->[:unityLibrary] AndroidManifest.xml:41:13-194
63            android:hardwareAccelerated="false"
63-->[:unityLibrary] AndroidManifest.xml:42:13-48
64            android:launchMode="singleTask"
64-->[:unityLibrary] AndroidManifest.xml:43:13-44
65            android:resizeableActivity="false"
65-->[:unityLibrary] AndroidManifest.xml:44:13-47
66            android:screenOrientation="fullUser"
66-->[:unityLibrary] AndroidManifest.xml:45:13-49
67            android:theme="@style/UnityThemeSelector" >
67-->[:unityLibrary] AndroidManifest.xml:46:13-54
68            <intent-filter>
68-->[:unityLibrary] AndroidManifest.xml:47:13-51:29
69                <action android:name="android.intent.action.MAIN" />
69-->[:unityLibrary] AndroidManifest.xml:48:17-69
69-->[:unityLibrary] AndroidManifest.xml:48:25-66
70
71                <category android:name="android.intent.category.LAUNCHER" />
71-->[:unityLibrary] AndroidManifest.xml:50:17-77
71-->[:unityLibrary] AndroidManifest.xml:50:27-74
72            </intent-filter>
73
74            <meta-data
74-->[:unityLibrary] AndroidManifest.xml:53:13-55:40
75                android:name="unityplayer.UnityActivity"
75-->[:unityLibrary] AndroidManifest.xml:54:17-57
76                android:value="true" />
76-->[:unityLibrary] AndroidManifest.xml:55:17-37
77            <meta-data
77-->[:unityLibrary] AndroidManifest.xml:56:13-58:40
78                android:name="android.notch_support"
78-->[:unityLibrary] AndroidManifest.xml:57:17-53
79                android:value="true" />
79-->[:unityLibrary] AndroidManifest.xml:58:17-37
80        </activity>
81
82        <meta-data
82-->[:unityLibrary] AndroidManifest.xml:61:9-63:33
83            android:name="unity.splash-mode"
83-->[:unityLibrary] AndroidManifest.xml:62:13-45
84            android:value="0" />
84-->[:unityLibrary] AndroidManifest.xml:63:13-30
85        <meta-data
85-->[:unityLibrary] AndroidManifest.xml:64:9-66:36
86            android:name="unity.splash-enable"
86-->[:unityLibrary] AndroidManifest.xml:65:13-47
87            android:value="True" />
87-->[:unityLibrary] AndroidManifest.xml:66:13-33
88        <meta-data
88-->[:unityLibrary] AndroidManifest.xml:67:9-69:36
89            android:name="unity.launch-fullscreen"
89-->[:unityLibrary] AndroidManifest.xml:68:13-51
90            android:value="True" />
90-->[:unityLibrary] AndroidManifest.xml:69:13-33
91        <meta-data
91-->[:unityLibrary] AndroidManifest.xml:70:9-72:37
92            android:name="unity.allow-resizable-window"
92-->[:unityLibrary] AndroidManifest.xml:71:13-56
93            android:value="False" />
93-->[:unityLibrary] AndroidManifest.xml:72:13-34
94        <meta-data
94-->[:unityLibrary] AndroidManifest.xml:73:9-75:50
95            android:name="notch.config"
95-->[:unityLibrary] AndroidManifest.xml:74:13-40
96            android:value="portrait|landscape" />
96-->[:unityLibrary] AndroidManifest.xml:75:13-47
97        <meta-data
97-->[:unityLibrary] AndroidManifest.xml:76:9-78:36
98            android:name="unity.auto-report-fully-drawn"
98-->[:unityLibrary] AndroidManifest.xml:77:13-57
99            android:value="true" />
99-->[:unityLibrary] AndroidManifest.xml:78:13-33
100        <meta-data
100-->[:unityLibrary] AndroidManifest.xml:79:9-81:40
101            android:name="com.google.ar.core"
101-->[:unityLibrary] AndroidManifest.xml:80:13-46
102            android:value="optional" /> <!-- The minimal version code of ARCore APK required for an app using this SDK. -->
102-->[:unityLibrary] AndroidManifest.xml:81:13-37
103        <meta-data
103-->[com.google.ar:core:1.22.0] AndroidManifest.xml:36:9-38:41
104            android:name="com.google.ar.core.min_apk_version"
104-->[com.google.ar:core:1.22.0] AndroidManifest.xml:37:13-62
105            android:value="202940000" /> <!-- This activity is critical for installing ARCore when it is not already present. -->
105-->[com.google.ar:core:1.22.0] AndroidManifest.xml:38:13-38
106        <activity
106-->[com.google.ar:core:1.22.0] AndroidManifest.xml:40:9-46:80
107            android:name="com.google.ar.core.InstallActivity"
107-->[com.google.ar:core:1.22.0] AndroidManifest.xml:41:13-62
108            android:configChanges="keyboardHidden|orientation|screenSize"
108-->[com.google.ar:core:1.22.0] AndroidManifest.xml:42:13-74
109            android:excludeFromRecents="true"
109-->[com.google.ar:core:1.22.0] AndroidManifest.xml:43:13-46
110            android:exported="false"
110-->[com.google.ar:core:1.22.0] AndroidManifest.xml:44:13-37
111            android:launchMode="singleTop"
111-->[com.google.ar:core:1.22.0] AndroidManifest.xml:45:13-43
112            android:theme="@android:style/Theme.Material.Light.Dialog.Alert" />
112-->[com.google.ar:core:1.22.0] AndroidManifest.xml:46:13-77
113
114        <provider
114-->[:VuforiaEngine:] AndroidManifest.xml:25:9-33:20
115            android:name="com.vuforia.engine.app.VuforiaContentProvider"
115-->[:VuforiaEngine:] AndroidManifest.xml:26:13-73
116            android:authorities="com.DefaultCompany.PlaneProject.vuforia.share"
116-->[:VuforiaEngine:] AndroidManifest.xml:27:13-65
117            android:exported="false"
117-->[:VuforiaEngine:] AndroidManifest.xml:28:13-37
118            android:grantUriPermissions="true" >
118-->[:VuforiaEngine:] AndroidManifest.xml:29:13-47
119            <meta-data
119-->[:VuforiaEngine:] AndroidManifest.xml:30:13-32:53
120                android:name="android.support.FILE_PROVIDER_PATHS"
120-->[:VuforiaEngine:] AndroidManifest.xml:31:17-67
121                android:resource="@xml/filepaths" />
121-->[:VuforiaEngine:] AndroidManifest.xml:32:17-50
122        </provider>
123    </application>
124
125</manifest>